<?xml version="1.0" encoding="UTF-8"?>
<!-- Generated by org.testng.reporters.JUnitReportReporter -->
<testsuite skipped="0" hostname="IN-6620GC2" name="rest.basic.xml.PostXMLRequest" tests="1" failures="0" timestamp="03 Dec 2017 05:04:24 GMT" time="1.670" errors="1">
  <testcase name="verifyResponse" time="1.670" classname="rest.basic.xml.PostXMLRequest">
    <error type="io.restassured.path.xml.exception.XmlPathException" message="Failed to parse the XML document">
      <![CDATA[io.restassured.path.xml.exception.XmlPathException: Failed to parse the XML document
	at io.restassured.path.xml.XmlPath$LazyXmlParser.invoke(XmlPath.java:1026)
	at io.restassured.path.xml.XmlPath.getFromPath(XmlPath.java:427)
	at io.restassured.path.xml.XmlPath.get(XmlPath.java:322)
	at rest.basic.xml.PostXMLRequest.verifyResponse(PostXMLRequest.java:35)
	at sun.reflect.NativeMethodAccessorImpl.invoke0(Native Method)
	at sun.reflect.NativeMethodAccessorImpl.invoke(NativeMethodAccessorImpl.java:62)
	at sun.reflect.DelegatingMethodAccessorImpl.invoke(DelegatingMethodAccessorImpl.java:43)
	at java.lang.reflect.Method.invoke(Method.java:498)
	at org.testng.internal.MethodInvocationHelper.invokeMethod(MethodInvocationHelper.java:108)
	at org.testng.internal.Invoker.invokeMethod(Invoker.java:661)
	at org.testng.internal.Invoker.invokeTestMethod(Invoker.java:869)
	at org.testng.internal.Invoker.invokeTestMethods(Invoker.java:1193)
	at org.testng.internal.TestMethodWorker.invokeTestMethods(TestMethodWorker.java:126)
	at org.testng.internal.TestMethodWorker.run(TestMethodWorker.java:109)
	at org.testng.TestRunner.privateRun(TestRunner.java:744)
	at org.testng.TestRunner.run(TestRunner.java:602)
	at org.testng.SuiteRunner.runTest(SuiteRunner.java:380)
	at org.testng.SuiteRunner.runSequentially(SuiteRunner.java:375)
	at org.testng.SuiteRunner.privateRun(SuiteRunner.java:340)
	at org.testng.SuiteRunner.run(SuiteRunner.java:289)
	at org.testng.SuiteRunnerWorker.runSuite(SuiteRunnerWorker.java:52)
	at org.testng.SuiteRunnerWorker.run(SuiteRunnerWorker.java:86)
	at org.testng.TestNG.runSuitesSequentially(TestNG.java:1301)
	at org.testng.TestNG.runSuitesLocally(TestNG.java:1226)
	at org.testng.TestNG.runSuites(TestNG.java:1144)
	at org.testng.TestNG.run(TestNG.java:1115)
	at org.testng.remote.AbstractRemoteTestNG.run(AbstractRemoteTestNG.java:132)
	at org.testng.remote.RemoteTestNG.initAndRun(RemoteTestNG.java:230)
	at org.testng.remote.RemoteTestNG.main(RemoteTestNG.java:76)
Caused by: org.xml.sax.SAXParseException; lineNumber: 1; columnNumber: 1; Content is not allowed in prolog.
	at com.sun.org.apache.xerces.internal.parsers.AbstractSAXParser.parse(AbstractSAXParser.java:1239)
	at com.sun.org.apache.xerces.internal.jaxp.SAXParserImpl$JAXPSAXParser.parse(SAXParserImpl.java:643)
	at groovy.util.XmlSlurper.parse(XmlSlurper.java:207)
	at groovy.util.XmlSlurper.parse(XmlSlurper.java:260)
	at groovy.util.XmlSlurper.parseText(XmlSlurper.java:286)
	at io.restassured.path.xml.XmlPath$1.method(XmlPath.java:843)
	at io.restassured.path.xml.XmlPath$LazyXmlParser.invoke(XmlPath.java:1019)
	... 28 more
]]>
    </error>
  </testcase> <!-- verifyResponse -->
</testsuite> <!-- rest.basic.xml.PostXMLRequest -->
